<!DOCTYPE html PUBLIC "-//W3C//DTD XHTML 1.1//EN" "http://www.w3.org/TR/xhtml11/DTD/xhtml11.dtd">
<html xmlns="http://www.w3.org/1999/xhtml">
<head>
<meta http-equiv="content-type" content="text/html; charset=UTF-8"/>
<title>TestNG Report</title>
<style type="text/css">table {margin-bottom:10px;border-collapse:collapse;empty-cells:show}th,td {border:1px solid #009;padding:.25em .5em}th {vertical-align:bottom}td {vertical-align:top}table a {font-weight:bold}.stripe td {background-color: #E6EBF9}.num {text-align:right}.passedodd td {background-color: #3F3}.passedeven td {background-color: #0A0}.skippedodd td {background-color: #DDD}.skippedeven td {background-color: #CCC}.failedodd td,.attn {background-color: #F33}.failedeven td,.stripe .attn {background-color: #D00}.stacktrace {white-space:pre;font-family:monospace}.totop {font-size:85%;text-align:center;border-bottom:2px solid #000}.invisible {display:none}</style>
</head>
<body>
<table>
<tr><th>Test</th><th># Passed</th><th># Skipped</th><th># Retried</th><th># Failed</th><th>Time (ms)</th><th>Included Groups</th><th>Excluded Groups</th></tr>
<tr><th colspan="7">TestNG Learning</th></tr>
<tr><td><a href="#t0">LoginTest</a></td><td class="num">2</td><td class="num">0</td><td class="num">0</td><td class="num">0</td><td class="num">182</td><td></td><td></td></tr>
<tr class="stripe"><td><a href="#t1">Validate Title test</a></td><td class="num">0</td><td class="num">0</td><td class="num">0</td><td class="num attn">1</td><td class="num">50</td><td></td><td></td></tr>
<tr><td><a href="#t2">Dependency Test</a></td><td class="num">0</td><td class="num attn">2</td><td class="num">0</td><td class="num attn">1</td><td class="num">78</td><td></td><td></td></tr>
<tr><th colspan="7">Master Suite</th></tr>
<tr><th colspan="7">Regression Suite</th></tr>
<tr class="stripe"><td><a href="#t3">Regression LoginTest</a></td><td class="num">2</td><td class="num">0</td><td class="num">0</td><td class="num">0</td><td class="num">71</td><td></td><td></td></tr>
<tr><td><a href="#t4">Regression Validate Title test</a></td><td class="num">0</td><td class="num">0</td><td class="num">0</td><td class="num attn">1</td><td class="num">30</td><td></td><td></td></tr>
<tr><th>Total</th><th class="num">4</th><th class="num attn">2</th><th class="num">0</th><th class="num attn">3</th><th class="num">411</th><th colspan="2"></th></tr>
</table>
<table id='summary'><thead><tr><th>Class</th><th>Method</th><th>Start</th><th>Time (ms)</th></tr></thead><tbody><tr><th colspan="4">TestNG Learning</th></tr></tbody><tbody id="t0"><tr><th colspan="4">LoginTest &#8212; passed</th></tr><tr class="passedeven"><td rowspan="2">testnglearning.TestCase1</td><td><a href="#m0">doLogin</a></td><td rowspan="1">1583043224313</td><td rowspan="1">9</td></tr><tr class="passedeven"><td><a href="#m1">doUserReg</a></td><td rowspan="1">1583043224268</td><td rowspan="1">21</td></tr></tbody>
<tbody id="t1"><tr><th colspan="4">Validate Title test &#8212; failed</th></tr><tr class="failedeven"><td rowspan="1">testnglearning.TestCase2</td><td><a href="#m2">validateTitles</a></td><td rowspan="1">1583043224419</td><td rowspan="1">39</td></tr></tbody>
<tbody id="t2"><tr><th colspan="4">Dependency Test &#8212; failed</th></tr><tr class="failedeven"><td rowspan="1">testnglearning.TestCase3</td><td><a href="#m3">doUserReg</a></td><td rowspan="1">1583043224556</td><td rowspan="1">1</td></tr><tr><th colspan="4">Dependency Test &#8212; skipped</th></tr><tr class="skippedeven"><td rowspan="2">testnglearning.TestCase3</td><td><a href="#m4">doLogin</a></td><td rowspan="1">1583043224578</td><td rowspan="1">0</td></tr><tr class="skippedeven"><td><a href="#m5">isSkip</a></td><td rowspan="1">1583043224618</td><td rowspan="1">9</td></tr></tbody>
<tbody><tr><th colspan="4">Master Suite</th></tr></tbody><tbody><tr><th colspan="4">Regression Suite</th></tr></tbody><tbody id="t3"><tr><th colspan="4">Regression LoginTest &#8212; passed</th></tr><tr class="passedeven"><td rowspan="2">regression.TestCase1</td><td><a href="#m6">doLogin</a></td><td rowspan="1">1583043224700</td><td rowspan="1">16</td></tr><tr class="passedeven"><td><a href="#m7">doUserReg</a></td><td rowspan="1">1583043224681</td><td rowspan="1">3</td></tr></tbody>
<tbody id="t4"><tr><th colspan="4">Regression Validate Title test &#8212; failed</th></tr><tr class="failedeven"><td rowspan="1">regression.TestCase2</td><td><a href="#m8">validateTitles</a></td><td rowspan="1">1583043224766</td><td rowspan="1">18</td></tr></tbody>
</table>
<h2>LoginTest</h2><h3 id="m0">testnglearning.TestCase1#doLogin</h3><table class="result"><tr><th class="invisible"/></tr></table><p class="totop"><a href="#summary">back to summary</a></p>
<h3 id="m1">testnglearning.TestCase1#doUserReg</h3><table class="result"><tr><th>Messages</th></tr><tr><td><div class="messages">Inside user reg test</div></td></tr></table><p class="totop"><a href="#summary">back to summary</a></p>
<h2>Validate Title test</h2><h3 id="m2">testnglearning.TestCase2#validateTitles</h3><table class="result"><tr><th>Messages</th></tr><tr><td><div class="messages"><a href="F:\screenshot\error.jpg" target="_blank">Screenshot link</a><br/><br><br/><a href="F:\screenshot\error.jpg" target="_blank"><img src="f:\screenshot\error.jpg" height=200 width=200></a></div></td></tr><tr><th>Exception</th></tr><tr><td><div class="stacktrace">java.lang.AssertionError: The following asserts failed:
	Submit button not found !!! did not expect to find [true] but found [false],
	Failing the test as the condition is not met
	at testnglearning.TestCase2.validateTitles(TestCase2.java:44)
	at java.util.ArrayList.forEach(Unknown Source)
... Removed 30 stack frames</div></td></tr></table><p class="totop"><a href="#summary">back to summary</a></p>
<h2>Dependency Test</h2><h3 id="m3">testnglearning.TestCase3#doUserReg</h3><table class="result"><tr><th>Messages</th></tr><tr><td><div class="messages"><a href="F:\screenshot\error.jpg" target="_blank">Screenshot link</a><br/><br><br/><a href="F:\screenshot\error.jpg" target="_blank"><img src="f:\screenshot\error.jpg" height=200 width=200></a></div></td></tr><tr><th>Exception</th></tr><tr><td><div class="stacktrace">java.lang.AssertionError: User not registered successfully
	at testnglearning.TestCase3.doUserReg(TestCase3.java:15)
	at java.util.ArrayList.forEach(Unknown Source)
... Removed 29 stack frames</div></td></tr></table><p class="totop"><a href="#summary">back to summary</a></p>
<h3 id="m4">testnglearning.TestCase3#doLogin</h3><table class="result"><tr><th>Exception</th></tr><tr><td><div class="stacktrace">java.lang.Throwable: Method TestCase3.doLogin()[pri:2, instance:testnglearning.TestCase3@710726a3] depends on not successfully finished methods
	at java.util.ArrayList.forEach(Unknown Source)
... Removed 19 stack frames</div></td></tr></table><p class="totop"><a href="#summary">back to summary</a></p>
<h3 id="m5">testnglearning.TestCase3#isSkip</h3><table class="result"><tr><th>Exception</th></tr><tr><td><div class="stacktrace">org.testng.SkipException: Skipping the test as the condition is not met
	at testnglearning.TestCase3.isSkip(TestCase3.java:29)
	at java.util.ArrayList.forEach(Unknown Source)
... Removed 28 stack frames</div></td></tr></table><p class="totop"><a href="#summary">back to summary</a></p>
<h2>Regression LoginTest</h2><h3 id="m6">regression.TestCase1#doLogin</h3><table class="result"><tr><th class="invisible"/></tr></table><p class="totop"><a href="#summary">back to summary</a></p>
<h3 id="m7">regression.TestCase1#doUserReg</h3><table class="result"><tr><th>Messages</th></tr><tr><td><div class="messages">Inside user reg test</div></td></tr></table><p class="totop"><a href="#summary">back to summary</a></p>
<h2>Regression Validate Title test</h2><h3 id="m8">regression.TestCase2#validateTitles</h3><table class="result"><tr><th>Messages</th></tr><tr><td><div class="messages"><a href="F:\screenshot\error.jpg" target="_blank">Screenshot link</a><br/><br><br/><a href="F:\screenshot\error.jpg" target="_blank"><img src="f:\screenshot\error.jpg" height=200 width=200></a></div></td></tr><tr><th>Exception</th></tr><tr><td><div class="stacktrace">java.lang.AssertionError: The following asserts failed:
	Submit button not found !!! did not expect to find [true] but found [false],
	Failing the test as the condition is not met
	at regression.TestCase2.validateTitles(TestCase2.java:44)
	at java.util.ArrayList.forEach(Unknown Source)
... Removed 30 stack frames</div></td></tr></table><p class="totop"><a href="#summary">back to summary</a></p>
</body>
</html>
