<?xml version="1.0" encoding="UTF-8"?>
<!-- Generated by org.testng.reporters.JUnitXMLReporter -->
<testsuite hostname="DESKTOP-3SL4LUB" ignored="0" name="Validate Title test" tests="1" failures="1" timestamp="2020-03-01T11:43:44 IST" time="0.05" errors="0">
  <testcase name="validateTitles" time="0.039" classname="testnglearning.TestCase2">
    <failure type="java.lang.AssertionError" message="The following asserts failed:
	Submit button not found !!! did not expect to find [true] but found [false],
	Failing the test as the condition is not met">
      <![CDATA[java.lang.AssertionError: The following asserts failed:
Submit button not found !!! did not expect to find [true] but found [false],
Failing the test as the condition is not met
at testnglearning.TestCase2.validateTitles(TestCase2.java:44)
at java.util.ArrayList.forEach(Unknown Source)
... Removed 30 stack frames]]>
    </failure>
  </testcase> <!-- validateTitles -->
</testsuite> <!-- Validate Title test -->
